<?xml version="1.0" encoding="UTF-8"?>
<testsuite xmlns:xsi="http://www.w3.org/2001/XMLSchema-instance" xsi:noNamespaceSchemaLocation="https://maven.apache.org/surefire/maven-surefire-plugin/xsd/surefire-test-report.xsd" version="3.0.2" name="pl.put.poznan.transformer.logic.JsonFilterServiceTest" time="0.038" tests="5" errors="0" skipped="0" failures="0">
  <properties>
[...]
</properties>
  <testcase name="testSimpleDelete" classname="pl.put.poznan.transformer.logic.JsonFilterServiceTest" time="0.018"/>
  <testcase name="testEmptyKeys" classname="pl.put.poznan.transformer.logic.JsonFilterServiceTest" time="0.002"/>
  <testcase name="testDeleteInArray" classname="pl.put.poznan.transformer.logic.JsonFilterServiceTest" time="0.007"/>
  <testcase name="testRecurancyDelete" classname="pl.put.poznan.transformer.logic.JsonFilterServiceTest" time="0.002"/>
  <testcase name="testInvalidKey" classname="pl.put.poznan.transformer.logic.JsonFilterServiceTest" time="0.002"/>
</testsuite>